\BOOKMARK [1][-]{sec:toc.1}{\376\377\000C\000o\000n\000t\000e\000n\000t\000s}{}% 1
\BOOKMARK [0][-]{chapter.1}{\376\377\0001\000\040\0002\0000\0002\0002\000\040\000M\000a\000r\000c\000h}{}% 2
\BOOKMARK [1][-]{section*.3}{\376\377\0002\0000\0002\0002\000/\0000\0003\000/\0003\0000}{chapter.1}% 3
\BOOKMARK [2][-]{subsection*.4}{\376\377\000B\000a\000c\000k\000g\000r\000o\000u\000n\000d\000\040\000r\000e\000a\000d\000i\000n\000g\000\040\000a\000n\000d\000\040\000r\000e\000s\000e\000a\000r\000c\000h}{section*.3}% 4
\BOOKMARK [1][-]{section*.5}{\376\377\0002\0000\0002\0002\000/\0000\0003\000/\0003\0001}{chapter.1}% 5
\BOOKMARK [2][-]{subsection*.6}{\376\377\000P\000r\000o\000t\000o\000t\000y\000p\000e\000\040\000i\000d\000e\000a\000s}{section*.5}% 6
\BOOKMARK [2][-]{subsection*.7}{\376\377\000L\000i\000t\000e\000r\000a\000t\000u\000r\000e\000\040\000A\000n\000a\000l\000y\000s\000i\000s}{section*.5}% 7
\BOOKMARK [2][-]{subsection*.8}{\376\377\000I\000m\000p\000a\000c\000t\000\040\000o\000n\000\040\000s\000y\000s\000t\000e\000m\000\040\000t\000o\000\040\000b\000e\000\040\000d\000e\000v\000e\000l\000o\000p\000e\000d}{section*.5}% 8
\BOOKMARK [0][-]{chapter.2}{\376\377\0002\000\040\0002\0000\0002\0002\000\040\000A\000p\000r\000i\000l}{}% 9
\BOOKMARK [1][-]{section*.9}{\376\377\0002\0000\0002\0002\000/\0000\0004\000/\0000\0001}{chapter.2}% 10
\BOOKMARK [2][-]{subsection*.10}{\376\377\000I\000n\000i\000t\000i\000a\000l\000\040\000p\000r\000o\000t\000o\000t\000y\000p\000e\000s}{section*.9}% 11
\BOOKMARK [1][-]{section*.14}{\376\377\0002\0000\0002\0002\000/\0000\0004\000/\0000\0003}{chapter.2}% 12
\BOOKMARK [2][-]{subsection*.15}{\376\377\000F\000u\000n\000c\000t\000i\000o\000n\000a\000l\000\040\000b\000l\000o\000c\000k\000\040\000d\000i\000a\000g\000r\000a\000m\000\040\000u\000p\000d\000a\000t\000e\000s}{section*.14}% 13
\BOOKMARK [2][-]{subsection*.17}{\376\377\000I\000n\000i\000t\000i\000a\000l\000\040\000h\000a\000r\000d\000w\000a\000r\000e\000\040\000p\000r\000o\000t\000o\000t\000y\000p\000e\000s}{section*.14}% 14
\BOOKMARK [1][-]{section*.21}{\376\377\0002\0000\0002\0002\000/\0000\0004\000/\0000\0004}{chapter.2}% 15
\BOOKMARK [2][-]{subsection*.22}{\376\377\000P\000r\000o\000j\000e\000c\000t\000\040\000p\000r\000o\000p\000o\000s\000a\000l\000\040\000i\000m\000p\000r\000o\000v\000e\000m\000e\000n\000t\000s}{section*.21}% 16
\BOOKMARK [1][-]{section*.23}{\376\377\0002\0000\0002\0002\000/\0000\0004\000/\0000\0005}{chapter.2}% 17
\BOOKMARK [2][-]{subsection*.24}{\376\377\000E\000m\000b\000e\000d\000d\000e\000d\000\040\000n\000e\000u\000r\000a\000l\000\040\000n\000e\000t\000w\000o\000r\000k\000\040\000p\000r\000o\000t\000o\000t\000y\000p\000e}{section*.23}% 18
\BOOKMARK [1][-]{section*.27}{\376\377\0002\0000\0002\0002\000/\0000\0004\000/\0001\0004}{chapter.2}% 19
\BOOKMARK [2][-]{subsection*.28}{\376\377\000L\000i\000b\000f\000r\000e\000e\000n\000e\000c\000t\000\040\000d\000e\000m\000o\000n\000s\000t\000r\000a\000t\000i\000o\000n\000\040\000p\000r\000o\000g\000r\000a\000m}{section*.27}% 20
\BOOKMARK [1][-]{section*.29}{\376\377\0002\0000\0002\0002\000/\0000\0004\000/\0001\0005}{chapter.2}% 21
\BOOKMARK [2][-]{subsection*.30}{\376\377\000L\000i\000b\000f\000r\000e\000e\000n\000e\000c\000t\000\040\000t\000e\000s\000t\000i\000n\000g}{section*.29}% 22
\BOOKMARK [1][-]{section*.32}{\376\377\0002\0000\0002\0002\000/\0000\0004\000/\0002\0000}{chapter.2}% 23
\BOOKMARK [2][-]{subsection*.33}{\376\377\000I\000n\000i\000t\000i\000a\000l\000\040\000V\000e\000r\000s\000i\000o\000n\000\040\000O\000f\000\040\000E\000x\000p\000e\000r\000i\000m\000e\000n\000t\000a\000l\000\040\000P\000l\000a\000n}{section*.32}% 24
\BOOKMARK [1][-]{section*.34}{\376\377\0002\0000\0002\0002\000/\0000\0004\000/\0003\0000}{chapter.2}% 25
\BOOKMARK [2][-]{subsection*.35}{\376\377\000I\000m\000a\000g\000e\000\040\000t\000h\000r\000e\000s\000h\000o\000l\000d\000i\000n\000g\000\040\000p\000r\000o\000t\000o\000t\000y\000p\000e\000s}{section*.34}% 26
\BOOKMARK [0][-]{chapter.3}{\376\377\0003\000\040\0002\0000\0002\0002\000\040\000M\000a\000y}{}% 27
\BOOKMARK [1][-]{section*.43}{\376\377\0002\0000\0002\0002\000/\0000\0005\000/\0000\0007}{chapter.3}% 28
\BOOKMARK [2][-]{subsection*.44}{\376\377\000L\000i\000b\000f\000r\000e\000e\000n\000e\000c\000t\000\040\000l\000i\000b\000r\000a\000r\000y\000\040\000i\000n\000s\000t\000a\000l\000l\000a\000t\000i\000o\000n}{section*.43}% 29
\BOOKMARK [1][-]{section*.46}{\376\377\0002\0000\0002\0002\000/\0000\0005\000/\0000\0007}{chapter.3}% 30
\BOOKMARK [2][-]{subsection*.47}{\376\377\000V\000i\000r\000t\000u\000a\000l\000\040\000o\000b\000j\000e\000c\000t\000\040\000c\000o\000n\000t\000r\000o\000l\000\040\000p\000r\000o\000t\000o\000t\000y\000p\000e\000\040\000u\000s\000i\000n\000g\000\040\000g\000e\000s\000t\000u\000r\000e\000\040\000i\000n\000p\000u\000t}{section*.46}% 31
\BOOKMARK [1][-]{section*.50}{\376\377\0002\0000\0002\0002\000/\0000\0005\000/\0000\0009}{chapter.3}% 32
\BOOKMARK [2][-]{subsection*.51}{\376\377\000J\000o\000i\000n\000t\000\040\000r\000e\000g\000r\000e\000s\000s\000i\000o\000n\000\040\000r\000e\000s\000e\000a\000r\000c\000h}{section*.50}% 33
\BOOKMARK [1][-]{section*.52}{\376\377\0002\0000\0002\0002\000/\0000\0005\000/\0001\0006}{chapter.3}% 34
\BOOKMARK [2][-]{subsection*.53}{\376\377\000W\000e\000b\000c\000a\000m\000\040\000r\000e\000s\000o\000l\000u\000t\000i\000o\000n\000\040\000p\000r\000o\000t\000o\000t\000y\000p\000e}{section*.52}% 35
\BOOKMARK [2][-]{subsection*.54}{\376\377\000N\000e\000u\000r\000a\000l\000\040\000n\000e\000t\000w\000o\000r\000k\000\040\000p\000r\000o\000t\000o\000t\000y\000p\000e}{section*.52}% 36
\BOOKMARK [1][-]{section*.61}{\376\377\0002\0000\0002\0002\000/\0000\0005\000/\0001\0007}{chapter.3}% 37
\BOOKMARK [2][-]{subsection*.62}{\376\377\000K\000e\000r\000n\000e\000l\000\040\000F\000u\000n\000c\000t\000i\000o\000n\000s\000\040\000E\000x\000p\000e\000r\000i\000m\000e\000n\000t\000a\000t\000i\000o\000n}{section*.61}% 38
\BOOKMARK [1][-]{section*.68}{\376\377\0002\0000\0002\0002\000/\0000\0005\000/\0003\0001}{chapter.3}% 39
\BOOKMARK [2][-]{subsection*.69}{\376\377\000O\000p\000e\000n\000G\000L\000\040\000C\000u\000b\000e\000\040\000E\000x\000p\000e\000r\000i\000m\000e\000n\000t\000a\000t\000i\000o\000n}{section*.68}% 40
\BOOKMARK [0][-]{chapter.4}{\376\377\0004\000\040\0002\0000\0002\0002\000\040\000J\000u\000n\000e}{}% 41
\BOOKMARK [1][-]{section*.72}{\376\377\0002\0000\0002\0002\000/\0000\0006\000/\0000\0006}{chapter.4}% 42
\BOOKMARK [2][-]{subsection*.73}{\376\377\000F\000u\000r\000t\000h\000e\000r\000\040\000O\000p\000e\000n\000G\000L\000\040\000P\000r\000o\000t\000o\000t\000y\000p\000i\000n\000g}{section*.72}% 43
\BOOKMARK [1][-]{section*.75}{\376\377\0002\0000\0002\0002\000/\0000\0006\000/\0000\0007}{chapter.4}% 44
\BOOKMARK [2][-]{subsection*.76}{\376\377\000O\000p\000e\000n\000G\000L\000\040\000A\000n\000d\000\040\000M\000e\000d\000i\000a\000p\000i\000p\000e\000\040\000P\000r\000o\000t\000o\000t\000y\000p\000i\000n\000g}{section*.75}% 45
\BOOKMARK [1][-]{section*.78}{\376\377\0002\0000\0002\0002\000/\0000\0006\000/\0001\0007}{chapter.4}% 46
\BOOKMARK [2][-]{subsection*.79}{\376\377\000P\000r\000o\000j\000e\000c\000t\000\040\000P\000r\000o\000p\000o\000s\000a\000l\000\040\000R\000e\000v\000i\000s\000i\000o\000n}{section*.78}% 47
\BOOKMARK [0][-]{chapter.5}{\376\377\0005\000\040\0002\0000\0002\0002\000\040\000J\000u\000l\000y}{}% 48
\BOOKMARK [1][-]{section*.80}{\376\377\0002\0000\0002\0002\000/\0000\0007\000/\0000\0006}{chapter.5}% 49
\BOOKMARK [2][-]{subsection*.81}{\376\377\000C\000o\000n\000v\000o\000l\000u\000t\000i\000o\000n\000\040\000a\000n\000d\000\040\000m\000a\000x\000\040\000p\000o\000o\000l\000i\000n\000g\000\040\000a\000l\000g\000o\000r\000i\000t\000h\000m\000s}{section*.80}% 50
\BOOKMARK [1][-]{section*.84}{\376\377\0002\0000\0002\0002\000/\0000\0007\000/\0000\0007}{chapter.5}% 51
\BOOKMARK [2][-]{subsection*.85}{\376\377\000C\000N\000N\000\040\000b\000a\000c\000k\000p\000r\000o\000p\000o\000g\000a\000t\000i\000o\000n\000\040\000f\000o\000r\000\040\000c\000o\000n\000v\000o\000l\000u\000t\000i\000o\000n\000a\000l\000\040\000l\000a\000y\000e\000r\000s}{section*.84}% 52
\BOOKMARK [1][-]{section*.86}{\376\377\0002\0000\0002\0002\000/\0000\0007\000/\0000\0008}{chapter.5}% 53
\BOOKMARK [2][-]{subsection*.87}{\376\377\000B\000a\000s\000i\000c\000\040\000C\000N\000N\000\040\000t\000e\000s\000t\000i\000n\000g}{section*.86}% 54
\BOOKMARK [1][-]{section*.88}{\376\377\0002\0000\0002\0002\000/\0000\0007\000/\0001\0002}{chapter.5}% 55
\BOOKMARK [2][-]{subsection*.89}{\376\377\000T\000r\000o\000u\000b\000l\000e\000s\000h\000o\000o\000t\000i\000n\000g\000\040\000e\000x\000p\000l\000o\000d\000i\000n\000g\000\040\000w\000e\000i\000g\000h\000t\000s\000\040\000a\000n\000d\000\040\000s\000a\000t\000u\000r\000a\000t\000i\000n\000g\000\040\000n\000e\000u\000r\000o\000n\000s}{section*.88}% 56
\BOOKMARK [1][-]{section*.90}{\376\377\0002\0000\0002\0002\000/\0000\0007\000/\0001\0003}{chapter.5}% 57
\BOOKMARK [2][-]{subsection*.91}{\376\377\000O\000u\000t\000p\000u\000t\000\040\000d\000e\000b\000u\000g\000g\000i\000n\000g\000\040\000i\000n\000\040\000a\000\040\000t\000e\000x\000t\000f\000i\000l\000e}{section*.90}% 58
\BOOKMARK [1][-]{section*.92}{\376\377\0002\0000\0002\0002\000/\0000\0007\000/\0001\0004}{chapter.5}% 59
\BOOKMARK [2][-]{subsection*.93}{\376\377\000M\000N\000I\000S\000T\000\040\000h\000a\000n\000d\000-\000w\000r\000i\000t\000t\000e\000n\000\040\000d\000i\000g\000i\000t\000\040\000c\000l\000a\000s\000s\000i\000f\000i\000e\000r}{section*.92}% 60
\BOOKMARK [1][-]{section*.95}{\376\377\0002\0000\0002\0002\000/\0000\0007\000/\0001\0006}{chapter.5}% 61
\BOOKMARK [2][-]{subsection*.96}{\376\377\000S\000i\000n\000g\000l\000e\000\040\000h\000a\000n\000d\000\040\000c\000o\000o\000r\000d\000i\000n\000a\000t\000e\000\040\000c\000l\000a\000s\000s\000i\000f\000i\000e\000r}{section*.95}% 62
\BOOKMARK [1][-]{section*.98}{\376\377\0002\0000\0002\0002\000/\0000\0007\000/\0001\0009}{chapter.5}% 63
\BOOKMARK [2][-]{subsection*.99}{\376\377\000G\000e\000s\000t\000u\000r\000e\000\040\000c\000l\000a\000s\000s\000i\000f\000i\000e\000r}{section*.98}% 64
\BOOKMARK [1][-]{section*.105}{\376\377\0002\0000\0002\0002\000/\0000\0007\000/\0002\0005}{chapter.5}% 65
\BOOKMARK [2][-]{subsection*.106}{\376\377\000K\000i\000n\000e\000c\000t\000\040\000c\000a\000m\000e\000r\000a\000\040\000e\000d\000g\000e\000\040\000d\000e\000t\000e\000c\000t\000i\000o\000n}{section*.105}% 66
\BOOKMARK [1][-]{section*.109}{\376\377\0002\0000\0002\0002\000/\0000\0007\000/\0002\0006}{chapter.5}% 67
\BOOKMARK [2][-]{subsection*.110}{\376\377\000N\000e\000u\000r\000a\000l\000\040\000n\000e\000t\000w\000o\000r\000k\000\040\000r\000e\000f\000a\000c\000t\000o\000r\000i\000n\000g\000\040}{section*.109}% 68
\BOOKMARK [0][-]{chapter.6}{\376\377\0006\000\040\0002\0000\0002\0002\000\040\000A\000u\000g\000u\000s\000t}{}% 69
\BOOKMARK [1][-]{section*.111}{\376\377\0002\0000\0002\0002\000/\0000\0008\000/\0000\0001}{chapter.6}% 70
\BOOKMARK [2][-]{subsection*.112}{\376\377\000F\000i\000r\000s\000t\000\040\000d\000r\000a\000f\000t\000\040\000o\000f\000\040\000l\000i\000t\000e\000r\000a\000t\000u\000r\000e\000\040\000r\000e\000v\000i\000e\000w\000\040\000f\000o\000r\000\040\000f\000i\000r\000s\000t\000-\000s\000e\000m\000e\000s\000t\000e\000r\000\040\000r\000e\000p\000o\000r\000t\000.}{section*.111}% 71
\BOOKMARK [2][-]{subsection*.113}{\376\377\000O\000p\000e\000n\000G\000L\000\040\000M\000o\000v\000e\000m\000e\000n\000t\000\040\000A\000P\000I}{section*.111}% 72
\BOOKMARK [1][-]{section*.115}{\376\377\0002\0000\0002\0002\000/\0000\0008\000/\0000\0002}{chapter.6}% 73
\BOOKMARK [2][-]{subsection*.116}{\376\377\000N\000e\000u\000r\000a\000l\000\040\000n\000e\000t\000w\000o\000r\000k\000\040\000c\000o\000n\000v\000o\000l\000u\000t\000i\000o\000n\000a\000l\000\040\000l\000a\000y\000e\000r\000s}{section*.115}% 74
\BOOKMARK [1][-]{section*.117}{\376\377\0002\0000\0002\0002\000/\0000\0008\000/\0000\0003}{chapter.6}% 75
\BOOKMARK [2][-]{subsection*.118}{\376\377\000M\000o\000r\000e\000\040\000t\000r\000a\000i\000n\000i\000n\000g\000\040\000d\000a\000t\000a\000\040\000f\000o\000r\000\040\000g\000e\000s\000t\000u\000r\000e\000\040\000c\000l\000a\000s\000s\000i\000f\000i\000e\000r}{section*.117}% 76
\BOOKMARK [1][-]{section*.119}{\376\377\0002\0000\0002\0002\000/\0000\0008\000/\0000\0004}{chapter.6}% 77
\BOOKMARK [2][-]{subsection*.120}{\376\377\000K\000i\000n\000e\000c\000t\000\040\000S\000e\000g\000m\000e\000n\000t\000i\000n\000g\000\040\000P\000r\000o\000t\000o\000t\000y\000p\000i\000n\000g\000\040\000A\000n\000d\000\040\000K\000e\000r\000a\000s\000\040\000G\000e\000s\000t\000u\000r\000e\000\040\000l\000e\000a\000r\000n\000i\000n\000g}{section*.119}% 78
\BOOKMARK [1][-]{section*.125}{\376\377\0002\0000\0002\0002\000/\0000\0008\000/\0000\0005}{chapter.6}% 79
\BOOKMARK [2][-]{subsection*.126}{\376\377\000F\000i\000r\000s\000t\000\040\000S\000e\000m\000e\000s\000t\000e\000r\000\040\000R\000e\000p\000o\000r\000t\000\040\000S\000u\000b\000m\000i\000t\000t\000e\000d}{section*.125}% 80
\BOOKMARK [2][-]{subsection*.127}{\376\377\000F\000i\000x\000i\000n\000g\000\040\000D\000y\000i\000n\000g\000\040\000R\000e\000l\000u\000\040\000P\000r\000o\000b\000l\000e\000m}{section*.125}% 81
\BOOKMARK [2][-]{subsection*.128}{\376\377\000R\000e\000t\000r\000a\000i\000n\000i\000n\000g\000\040\000o\000f\000\040\000b\000a\000s\000i\000c\000\040\000g\000e\000s\000t\000u\000r\000e\000\040\000c\000l\000a\000s\000s\000i\000f\000i\000e\000r\000\040\000w\000i\000t\000h\000\040\000c\000o\000n\000v\000o\000l\000u\000t\000i\000o\000n\000a\000l\000\040\000n\000e\000t\000w\000o\000r\000k}{section*.125}% 82
\BOOKMARK [1][-]{section*.129}{\376\377\0002\0000\0002\0002\000/\0000\0008\000/\0000\0005}{chapter.6}% 83
\BOOKMARK [2][-]{subsection*.130}{\376\377\000B\000r\000a\000i\000n\000s\000t\000o\000r\000m\000i\000n\000g\000\040\000c\000o\000l\000l\000i\000s\000i\000o\000n\000\040\000a\000v\000o\000i\000d\000a\000n\000c\000e\000\040\000p\000i\000p\000e\000l\000i\000n\000e}{section*.129}% 84
\BOOKMARK [1][-]{section*.134}{\376\377\0002\0000\0002\0002\000/\0000\0008\000/\0000\0009}{chapter.6}% 85
\BOOKMARK [2][-]{subsection*.135}{\376\377\000B\000r\000a\000i\000n\000s\000t\000o\000r\000m\000i\000n\000g\000\040\000s\000e\000g\000m\000e\000n\000t\000a\000t\000i\000o\000n\000\040\000a\000n\000d\000\040\000m\000o\000r\000e\000\040\000e\000f\000f\000i\000c\000i\000e\000n\000t\000\040\000a\000l\000g\000o\000r\000i\000t\000h\000m\000s}{section*.134}% 86
\BOOKMARK [1][-]{section*.137}{\376\377\0002\0000\0002\0002\000/\0000\0008\000/\0001\0001}{chapter.6}% 87
\BOOKMARK [2][-]{subsection*.138}{\376\377\000U\000s\000i\000n\000g\000\040\000t\000h\000e\000\040\000K\000e\000r\000a\000s\000\040\000a\000n\000d\000\040\000T\000e\000n\000s\000o\000r\000f\000l\000o\000w\000\040\000l\000i\000b\000r\000a\000r\000i\000e\000s\000\040\000t\000o\000\040\000t\000r\000a\000i\000n\000\040\000n\000e\000t\000w\000o\000r\000k\000s}{section*.137}% 88
\BOOKMARK [1][-]{section*.146}{\376\377\0002\0000\0002\0002\000/\0000\0008\000/\0001\0005}{chapter.6}% 89
\BOOKMARK [2][-]{subsection*.147}{\376\377\000D\000i\000s\000c\000u\000s\000s\000i\000o\000n\000\040\000o\000f\000\040\000c\000u\000r\000r\000e\000n\000t\000\040\000g\000e\000s\000t\000u\000r\000e\000\040\000r\000e\000c\000o\000g\000n\000i\000t\000i\000o\000n\000\040\000s\000y\000s\000t\000e\000m\000\040\000i\000n\000a\000d\000e\000q\000u\000a\000c\000i\000e\000s}{section*.146}% 90
\BOOKMARK [1][-]{section*.151}{\376\377\0002\0000\0002\0002\000/\0000\0008\000/\0001\0006}{chapter.6}% 91
\BOOKMARK [2][-]{subsection*.152}{\376\377\000C\000o\000n\000s\000t\000r\000u\000c\000t\000i\000o\000n\000\040\000o\000f\000\040\000u\000p\000d\000a\000t\000e\000d\000\040\000p\000r\000o\000t\000o\000t\000y\000p\000e\000\040\000i\000m\000p\000l\000e\000m\000e\000n\000t\000a\000t\000i\000o\000n}{section*.151}% 92
\BOOKMARK [1][-]{section*.157}{\376\377\0002\0000\0002\0002\000/\0000\0008\000/\0001\0008}{chapter.6}% 93
\BOOKMARK [2][-]{subsection*.158}{\376\377\000G\000e\000s\000t\000u\000r\000e\000\040\000r\000e\000c\000o\000g\000n\000i\000t\000i\000o\000n\000\040\000s\000y\000s\000t\000e\000m\000\040\000c\000h\000a\000n\000g\000e\000s\000\040\000a\000n\000d\000\040\000d\000e\000m\000o\000n\000s\000t\000r\000a\000t\000i\000o\000n\000\040\000p\000l\000a\000n\000n\000i\000n\000g}{section*.157}% 94
\BOOKMARK [1][-]{section*.161}{\376\377\0002\0000\0002\0002\000/\0000\0008\000/\0001\0009}{chapter.6}% 95
\BOOKMARK [2][-]{subsection*.162}{\376\377\000H\000a\000n\000d\000\040\000l\000o\000c\000a\000t\000o\000r}{section*.161}% 96
\BOOKMARK [1][-]{section*.165}{\376\377\0002\0000\0002\0002\000/\0000\0008\000/\0002\0003}{chapter.6}% 97
\BOOKMARK [2][-]{subsection*.166}{\376\377\000H\000a\000n\000d\000\040\000l\000o\000c\000a\000t\000o\000r\000\040\000c\000h\000a\000n\000g\000e\000s}{section*.165}% 98
\BOOKMARK [1][-]{section*.168}{\376\377\0002\0000\0002\0002\000/\0000\0008\000/\0002\0004}{chapter.6}% 99
\BOOKMARK [2][-]{subsection*.169}{\376\377\000W\000o\000r\000l\000d\000\040\000C\000o\000o\000r\000d\000i\000n\000a\000t\000e\000\040\000S\000y\000s\000t\000e\000m}{section*.168}% 100
\BOOKMARK [1][-]{section*.171}{\376\377\0002\0000\0002\0002\000/\0000\0008\000/\0002\0005}{chapter.6}% 101
\BOOKMARK [2][-]{subsection*.172}{\376\377\000V\000i\000r\000t\000u\000a\000l\000\040\000O\000b\000j\000e\000c\000t\000\040\000R\000e\000n\000d\000e\000r\000i\000n\000g\000\040\000C\000h\000a\000n\000g\000e\000s}{section*.171}% 102
\BOOKMARK [1][-]{section*.174}{\376\377\0002\0000\0002\0002\000/\0000\0008\000/\0003\0000}{chapter.6}% 103
\BOOKMARK [2][-]{subsection*.175}{\376\377\000I\000m\000p\000r\000o\000v\000e\000m\000e\000n\000t\000s\000\040\000t\000o\000\040\000h\000a\000n\000d\000\040\000t\000r\000a\000c\000k\000i\000n\000g\000\040\000a\000n\000d\000\040\000e\000x\000t\000r\000a\000c\000t\000i\000n\000g}{section*.174}% 104
\BOOKMARK [1][-]{section*.176}{\376\377\0002\0000\0002\0002\000/\0000\0008\000/\0003\0001}{chapter.6}% 105
\BOOKMARK [2][-]{subsection*.177}{\376\377\000H\000a\000n\000d\000\040\000d\000i\000r\000e\000c\000t\000i\000o\000n\000s\000\040\000n\000e\000u\000r\000a\000l\000\040\000n\000e\000t\000w\000o\000r\000k}{section*.176}% 106
\BOOKMARK [0][-]{chapter.7}{\376\377\0007\000\040\0002\0000\0002\0002\000\040\000S\000e\000p\000t\000e\000m\000b\000e\000r}{}% 107
\BOOKMARK [1][-]{section*.180}{\376\377\0002\0000\0002\0002\000/\0000\0009\000/\0000\0007}{chapter.7}% 108
\BOOKMARK [2][-]{subsection*.181}{\376\377\000F\000i\000r\000s\000t\000\040\000p\000r\000i\000n\000c\000i\000p\000l\000e\000s\000\040\000n\000e\000u\000r\000a\000l\000\040\000n\000e\000t\000w\000o\000r\000k}{section*.180}% 109
\BOOKMARK [1][-]{section*.183}{\376\377\0002\0000\0002\0002\000/\0000\0009\000/\0000\0009}{chapter.7}% 110
\BOOKMARK [2][-]{subsection*.184}{\376\377\000K\000i\000n\000e\000c\000t\000\040\000s\000i\000d\000e\000-\000o\000n\000\040\000h\000a\000n\000d\000\040\000t\000r\000a\000c\000k\000i\000n\000g}{section*.183}% 111
\BOOKMARK [1][-]{section*.186}{\376\377\0002\0000\0002\0002\000/\0000\0009\000/\0001\0002}{chapter.7}% 112
\BOOKMARK [2][-]{subsection*.187}{\376\377\000S\000p\000e\000e\000d\000i\000n\000g\000\040\000u\000p\000\040\000f\000i\000r\000s\000t\000-\000p\000r\000i\000n\000c\000i\000p\000l\000e\000s\000\040\000n\000e\000u\000r\000a\000l\000\040\000n\000e\000t\000w\000o\000r\000k}{section*.186}% 113
\BOOKMARK [1][-]{section*.189}{\376\377\0002\0000\0002\0002\000/\0000\0009\000/\0002\0002}{chapter.7}% 114
\BOOKMARK [2][-]{subsection*.190}{\376\377\000I\000n\000t\000e\000g\000r\000a\000t\000e\000d\000\040\000p\000r\000o\000t\000o\000t\000y\000p\000e}{section*.189}% 115
\BOOKMARK [0][-]{chapter.8}{\376\377\0008\000\040\0002\0000\0002\0002\000\040\000O\000c\000t\000o\000b\000e\000r}{}% 116
\BOOKMARK [1][-]{section*.196}{\376\377\0002\0000\0002\0002\000/\0001\0000\000/\0000\0003}{chapter.8}% 117
\BOOKMARK [2][-]{subsection*.197}{\376\377\000F\000i\000n\000a\000l\000\040\000v\000e\000r\000s\000i\000o\000n\000\040\000o\000f\000\040\000l\000i\000t\000e\000r\000a\000t\000u\000r\000e\000\040\000r\000e\000v\000i\000e\000w}{section*.196}% 118
\BOOKMARK [1][-]{section*.198}{\376\377\0002\0000\0002\0002\000/\0001\0000\000/\0001\0000}{chapter.8}% 119
\BOOKMARK [2][-]{subsection*.199}{\376\377\000R\000e\000v\000i\000s\000e\000d\000\040\000F\000i\000n\000a\000l\000\040\000v\000e\000r\000s\000i\000o\000n\000\040\000o\000f\000\040\000l\000i\000t\000e\000r\000a\000t\000u\000r\000e\000\040\000r\000e\000v\000i\000e\000w}{section*.198}% 120
\BOOKMARK [2][-]{subsection*.200}{\376\377\000F\000i\000n\000a\000l\000\040\000i\000m\000p\000l\000e\000m\000e\000n\000t\000a\000t\000i\000o\000n\000\040\000p\000r\000o\000g\000r\000e\000s\000s}{section*.198}% 121
\BOOKMARK [0][-]{section*.201}{\376\377\000A\000p\000p\000e\000n\000d\000i\000c\000e\000s}{}% 122
\BOOKMARK [1][-]{section*.202}{\376\377\000A\000c\000r\000o\000n\000y\000m\000s}{section*.201}% 123
\BOOKMARK [0][-]{figure.caption.203}{\376\377\000R\000e\000f\000e\000r\000e\000n\000c\000e\000s}{}% 124
